<?xml version="1.0" encoding="UTF-8"?>
<!-- Generated by org.testng.reporters.JUnitReportReporter -->
<testsuite skipped="0" hostname="Suraksha" name="MyPackage.ExecuteClass2" tests="2" failures="0" timestamp="2020-02-24T11:47:22 IST" time="0.008" errors="0">
  <testcase name="Mobile" time="0.006" classname="MyPackage.ExecuteClass2"/>
  <system-out/>
  <testcase name="Web" time="0.002" classname="MyPackage.ExecuteClass2"/>
  <system-out/>
</testsuite> <!-- MyPackage.ExecuteClass2 -->
