<?xml version="1.0" encoding="UTF-8"?>
<!-- Generated by org.testng.reporters.JUnitReportReporter -->
<testsuite skipped="0" hostname="Suraksha" name="MyPackage.ExecuteClass3" tests="2" failures="0" timestamp="2020-02-24T14:38:51 IST" time="0.000" errors="0">
  <testcase name="Web" time="0.000" classname="MyPackage.ExecuteClass3"/>
  <system-out/>
  <testcase name="Mobile" time="0.000" classname="MyPackage.ExecuteClass3"/>
  <system-out/>
</testsuite> <!-- MyPackage.ExecuteClass3 -->
